[1.048s] [34mcolcon[0m [1;30mDEBUG[0m [32mCommand line arguments: ['/usr/bin/colcon', 'build', '--packages-select', 'robotname_localization', '--symlink-install'][0m
[1.048s] [34mcolcon[0m [1;30mDEBUG[0m [32mParsed command line arguments: Namespace(log_base=None, log_level=None, verb_name='build', build_base='build', install_base='install', merge_install=False, symlink_install=True, test_result_base=None, continue_on_error=False, executor='parallel', parallel_workers=12, event_handlers=None, ignore_user_meta=False, metas=['./colcon.meta'], base_paths=['.'], packages_ignore=None, packages_ignore_regex=None, paths=None, packages_up_to=None, packages_up_to_regex=None, packages_above=None, packages_above_and_dependencies=None, packages_above_depth=None, packages_select_by_dep=None, packages_skip_by_dep=None, packages_skip_up_to=None, packages_select_build_failed=False, packages_skip_build_finished=False, packages_select_test_failures=False, packages_skip_test_passed=False, packages_select=['robotname_localization'], packages_skip=None, packages_select_regex=None, packages_skip_regex=None, packages_start=None, packages_end=None, allow_overriding=[], cmake_args=None, cmake_target=None, cmake_target_skip_unavailable=False, cmake_clean_cache=False, cmake_clean_first=False, cmake_force_configure=False, ament_cmake_args=None, catkin_cmake_args=None, catkin_skip_building_tests=False, verb_parser=<colcon_defaults.argument_parser.defaults.DefaultArgumentsDecorator object at 0x7fa3748d53f0>, verb_extension=<colcon_core.verb.build.BuildVerb object at 0x7fa3748d4fa0>, main=<bound method BuildVerb.main of <colcon_core.verb.build.BuildVerb object at 0x7fa3748d4fa0>>)[0m
[1.099s] [34mcolcon.colcon_core.package_discovery[0m [1;30mLevel 1[0m discover_packages(colcon_meta) check parameters
[1.099s] [34mcolcon.colcon_core.package_discovery[0m [1;30mLevel 1[0m discover_packages(recursive) check parameters
[1.099s] [34mcolcon.colcon_core.package_discovery[0m [1;30mLevel 1[0m discover_packages(ignore) check parameters
[1.099s] [34mcolcon.colcon_core.package_discovery[0m [1;30mLevel 1[0m discover_packages(path) check parameters
[1.099s] [34mcolcon.colcon_core.package_discovery[0m [1;30mLevel 1[0m discover_packages(colcon_meta) discover
[1.099s] [34mcolcon.colcon_core.package_discovery[0m [1;30mLevel 1[0m discover_packages(recursive) discover
[1.100s] [34mcolcon.colcon_core.package_discovery[0m [1;30mINFO[0m Crawling recursively for packages in '/home/itsrobocon2/robot_ws/src/robotname'
[1.100s] [34mcolcon.colcon_core.package_identification[0m [1;30mLevel 1[0m _identify(.) by extensions ['ignore', 'ignore_ament_install']
[1.100s] [34mcolcon.colcon_core.package_identification[0m [1;30mLevel 1[0m _identify(.) by extension 'ignore'
[1.100s] [34mcolcon.colcon_core.package_identification[0m [1;30mLevel 1[0m _identify(.) by extension 'ignore_ament_install'
[1.100s] [34mcolcon.colcon_core.package_identification[0m [1;30mLevel 1[0m _identify(.) by extensions ['colcon_pkg']
[1.100s] [34mcolcon.colcon_core.package_identification[0m [1;30mLevel 1[0m _identify(.) by extension 'colcon_pkg'
[1.100s] [34mcolcon.colcon_core.package_identification[0m [1;30mLevel 1[0m _identify(.) by extensions ['colcon_meta']
[1.100s] [34mcolcon.colcon_core.package_identification[0m [1;30mLevel 1[0m _identify(.) by extension 'colcon_meta'
[1.100s] [34mcolcon.colcon_core.package_identification[0m [1;30mLevel 1[0m _identify(.) by extensions ['ros']
[1.100s] [34mcolcon.colcon_core.package_identification[0m [1;30mLevel 1[0m _identify(.) by extension 'ros'
[1.111s] [34mcolcon.colcon_core.package_identification[0m [1;30mLevel 1[0m _identify(.) by extensions ['cmake', 'python']
[1.111s] [34mcolcon.colcon_core.package_identification[0m [1;30mLevel 1[0m _identify(.) by extension 'cmake'
[1.111s] [34mcolcon.colcon_core.package_identification[0m [1;30mLevel 1[0m _identify(.) by extension 'python'
[1.111s] [34mcolcon.colcon_core.package_identification[0m [1;30mLevel 1[0m _identify(.) by extensions ['python_setup_py']
[1.111s] [34mcolcon.colcon_core.package_identification[0m [1;30mLevel 1[0m _identify(.) by extension 'python_setup_py'
[1.111s] [34mcolcon.colcon_core.package_identification[0m [1;30mLevel 1[0m _identify(build) by extensions ['ignore', 'ignore_ament_install']
[1.111s] [34mcolcon.colcon_core.package_identification[0m [1;30mLevel 1[0m _identify(build) by extension 'ignore'
[1.111s] [34mcolcon.colcon_core.package_identification[0m [1;30mLevel 1[0m _identify(build) ignored
[1.112s] [34mcolcon.colcon_core.package_identification[0m [1;30mLevel 1[0m _identify(install) by extensions ['ignore', 'ignore_ament_install']
[1.112s] [34mcolcon.colcon_core.package_identification[0m [1;30mLevel 1[0m _identify(install) by extension 'ignore'
[1.112s] [34mcolcon.colcon_core.package_identification[0m [1;30mLevel 1[0m _identify(install) ignored
[1.112s] [34mcolcon.colcon_core.package_identification[0m [1;30mLevel 1[0m _identify(log) by extensions ['ignore', 'ignore_ament_install']
[1.112s] [34mcolcon.colcon_core.package_identification[0m [1;30mLevel 1[0m _identify(log) by extension 'ignore'
[1.112s] [34mcolcon.colcon_core.package_identification[0m [1;30mLevel 1[0m _identify(log) ignored
[1.112s] [34mcolcon.colcon_core.package_identification[0m [1;30mLevel 1[0m _identify(robot_itsrobocon_msgs) by extensions ['ignore', 'ignore_ament_install']
[1.112s] [34mcolcon.colcon_core.package_identification[0m [1;30mLevel 1[0m _identify(robot_itsrobocon_msgs) by extension 'ignore'
[1.112s] [34mcolcon.colcon_core.package_identification[0m [1;30mLevel 1[0m _identify(robot_itsrobocon_msgs) by extension 'ignore_ament_install'
[1.112s] [34mcolcon.colcon_core.package_identification[0m [1;30mLevel 1[0m _identify(robot_itsrobocon_msgs) by extensions ['colcon_pkg']
[1.112s] [34mcolcon.colcon_core.package_identification[0m [1;30mLevel 1[0m _identify(robot_itsrobocon_msgs) by extension 'colcon_pkg'
[1.112s] [34mcolcon.colcon_core.package_identification[0m [1;30mLevel 1[0m _identify(robot_itsrobocon_msgs) by extensions ['colcon_meta']
[1.112s] [34mcolcon.colcon_core.package_identification[0m [1;30mLevel 1[0m _identify(robot_itsrobocon_msgs) by extension 'colcon_meta'
[1.112s] [34mcolcon.colcon_core.package_identification[0m [1;30mLevel 1[0m _identify(robot_itsrobocon_msgs) by extensions ['ros']
[1.112s] [34mcolcon.colcon_core.package_identification[0m [1;30mLevel 1[0m _identify(robot_itsrobocon_msgs) by extension 'ros'
[1.115s] [34mcolcon.colcon_core.package_identification[0m [1;30mDEBUG[0m [32mPackage 'robot_itsrobocon_msgs' with type 'ros.ament_cmake' and name 'robot_itsrobocon_msgs'[0m
[1.115s] [34mcolcon.colcon_core.package_identification[0m [1;30mLevel 1[0m _identify(robotname) by extensions ['ignore', 'ignore_ament_install']
[1.115s] [34mcolcon.colcon_core.package_identification[0m [1;30mLevel 1[0m _identify(robotname) by extension 'ignore'
[1.115s] [34mcolcon.colcon_core.package_identification[0m [1;30mLevel 1[0m _identify(robotname) by extension 'ignore_ament_install'
[1.115s] [34mcolcon.colcon_core.package_identification[0m [1;30mLevel 1[0m _identify(robotname) by extensions ['colcon_pkg']
[1.115s] [34mcolcon.colcon_core.package_identification[0m [1;30mLevel 1[0m _identify(robotname) by extension 'colcon_pkg'
[1.115s] [34mcolcon.colcon_core.package_identification[0m [1;30mLevel 1[0m _identify(robotname) by extensions ['colcon_meta']
[1.115s] [34mcolcon.colcon_core.package_identification[0m [1;30mLevel 1[0m _identify(robotname) by extension 'colcon_meta'
[1.115s] [34mcolcon.colcon_core.package_identification[0m [1;30mLevel 1[0m _identify(robotname) by extensions ['ros']
[1.115s] [34mcolcon.colcon_core.package_identification[0m [1;30mLevel 1[0m _identify(robotname) by extension 'ros'
[1.115s] [34mcolcon.colcon_core.package_identification[0m [1;30mDEBUG[0m [32mPackage 'robotname' with type 'ros.ament_cmake' and name 'robotname'[0m
[1.116s] [34mcolcon.colcon_core.package_identification[0m [1;30mLevel 1[0m _identify(robotname_autonomy) by extensions ['ignore', 'ignore_ament_install']
[1.116s] [34mcolcon.colcon_core.package_identification[0m [1;30mLevel 1[0m _identify(robotname_autonomy) by extension 'ignore'
[1.116s] [34mcolcon.colcon_core.package_identification[0m [1;30mLevel 1[0m _identify(robotname_autonomy) by extension 'ignore_ament_install'
[1.116s] [34mcolcon.colcon_core.package_identification[0m [1;30mLevel 1[0m _identify(robotname_autonomy) by extensions ['colcon_pkg']
[1.116s] [34mcolcon.colcon_core.package_identification[0m [1;30mLevel 1[0m _identify(robotname_autonomy) by extension 'colcon_pkg'
[1.116s] [34mcolcon.colcon_core.package_identification[0m [1;30mLevel 1[0m _identify(robotname_autonomy) by extensions ['colcon_meta']
[1.116s] [34mcolcon.colcon_core.package_identification[0m [1;30mLevel 1[0m _identify(robotname_autonomy) by extension 'colcon_meta'
[1.116s] [34mcolcon.colcon_core.package_identification[0m [1;30mLevel 1[0m _identify(robotname_autonomy) by extensions ['ros']
[1.116s] [34mcolcon.colcon_core.package_identification[0m [1;30mLevel 1[0m _identify(robotname_autonomy) by extension 'ros'
[1.116s] [34mcolcon.colcon_core.package_identification[0m [1;30mDEBUG[0m [32mPackage 'robotname_autonomy' with type 'ros.ament_cmake' and name 'robotname_autonomy'[0m
[1.117s] [34mcolcon.colcon_core.package_identification[0m [1;30mLevel 1[0m _identify(robotname_bringup) by extensions ['ignore', 'ignore_ament_install']
[1.117s] [34mcolcon.colcon_core.package_identification[0m [1;30mLevel 1[0m _identify(robotname_bringup) by extension 'ignore'
[1.117s] [34mcolcon.colcon_core.package_identification[0m [1;30mLevel 1[0m _identify(robotname_bringup) by extension 'ignore_ament_install'
[1.117s] [34mcolcon.colcon_core.package_identification[0m [1;30mLevel 1[0m _identify(robotname_bringup) by extensions ['colcon_pkg']
[1.117s] [34mcolcon.colcon_core.package_identification[0m [1;30mLevel 1[0m _identify(robotname_bringup) by extension 'colcon_pkg'
[1.117s] [34mcolcon.colcon_core.package_identification[0m [1;30mLevel 1[0m _identify(robotname_bringup) by extensions ['colcon_meta']
[1.117s] [34mcolcon.colcon_core.package_identification[0m [1;30mLevel 1[0m _identify(robotname_bringup) by extension 'colcon_meta'
[1.117s] [34mcolcon.colcon_core.package_identification[0m [1;30mLevel 1[0m _identify(robotname_bringup) by extensions ['ros']
[1.117s] [34mcolcon.colcon_core.package_identification[0m [1;30mLevel 1[0m _identify(robotname_bringup) by extension 'ros'
[1.117s] [34mcolcon.colcon_core.package_identification[0m [1;30mDEBUG[0m [32mPackage 'robotname_bringup' with type 'ros.ament_cmake' and name 'robotname_bringup'[0m
[1.117s] [34mcolcon.colcon_core.package_identification[0m [1;30mLevel 1[0m _identify(robotname_description) by extensions ['ignore', 'ignore_ament_install']
[1.117s] [34mcolcon.colcon_core.package_identification[0m [1;30mLevel 1[0m _identify(robotname_description) by extension 'ignore'
[1.117s] [34mcolcon.colcon_core.package_identification[0m [1;30mLevel 1[0m _identify(robotname_description) by extension 'ignore_ament_install'
[1.118s] [34mcolcon.colcon_core.package_identification[0m [1;30mLevel 1[0m _identify(robotname_description) by extensions ['colcon_pkg']
[1.118s] [34mcolcon.colcon_core.package_identification[0m [1;30mLevel 1[0m _identify(robotname_description) by extension 'colcon_pkg'
[1.118s] [34mcolcon.colcon_core.package_identification[0m [1;30mLevel 1[0m _identify(robotname_description) by extensions ['colcon_meta']
[1.118s] [34mcolcon.colcon_core.package_identification[0m [1;30mLevel 1[0m _identify(robotname_description) by extension 'colcon_meta'
[1.118s] [34mcolcon.colcon_core.package_identification[0m [1;30mLevel 1[0m _identify(robotname_description) by extensions ['ros']
[1.118s] [34mcolcon.colcon_core.package_identification[0m [1;30mLevel 1[0m _identify(robotname_description) by extension 'ros'
[1.118s] [34mcolcon.colcon_core.package_identification[0m [1;30mDEBUG[0m [32mPackage 'robotname_description' with type 'ros.ament_cmake' and name 'robotname_description'[0m
[1.118s] [34mcolcon.colcon_core.package_identification[0m [1;30mLevel 1[0m _identify(robotname_gazebo) by extensions ['ignore', 'ignore_ament_install']
[1.118s] [34mcolcon.colcon_core.package_identification[0m [1;30mLevel 1[0m _identify(robotname_gazebo) by extension 'ignore'
[1.118s] [34mcolcon.colcon_core.package_identification[0m [1;30mLevel 1[0m _identify(robotname_gazebo) by extension 'ignore_ament_install'
[1.118s] [34mcolcon.colcon_core.package_identification[0m [1;30mLevel 1[0m _identify(robotname_gazebo) by extensions ['colcon_pkg']
[1.118s] [34mcolcon.colcon_core.package_identification[0m [1;30mLevel 1[0m _identify(robotname_gazebo) by extension 'colcon_pkg'
[1.118s] [34mcolcon.colcon_core.package_identification[0m [1;30mLevel 1[0m _identify(robotname_gazebo) by extensions ['colcon_meta']
[1.118s] [34mcolcon.colcon_core.package_identification[0m [1;30mLevel 1[0m _identify(robotname_gazebo) by extension 'colcon_meta'
[1.118s] [34mcolcon.colcon_core.package_identification[0m [1;30mLevel 1[0m _identify(robotname_gazebo) by extensions ['ros']
[1.118s] [34mcolcon.colcon_core.package_identification[0m [1;30mLevel 1[0m _identify(robotname_gazebo) by extension 'ros'
[1.119s] [34mcolcon.colcon_core.package_identification[0m [1;30mDEBUG[0m [32mPackage 'robotname_gazebo' with type 'ros.ament_cmake' and name 'robotname_gazebo'[0m
[1.119s] [34mcolcon.colcon_core.package_identification[0m [1;30mLevel 1[0m _identify(robotname_hardware) by extensions ['ignore', 'ignore_ament_install']
[1.119s] [34mcolcon.colcon_core.package_identification[0m [1;30mLevel 1[0m _identify(robotname_hardware) by extension 'ignore'
[1.119s] [34mcolcon.colcon_core.package_identification[0m [1;30mLevel 1[0m _identify(robotname_hardware) by extension 'ignore_ament_install'
[1.119s] [34mcolcon.colcon_core.package_identification[0m [1;30mLevel 1[0m _identify(robotname_hardware) by extensions ['colcon_pkg']
[1.119s] [34mcolcon.colcon_core.package_identification[0m [1;30mLevel 1[0m _identify(robotname_hardware) by extension 'colcon_pkg'
[1.119s] [34mcolcon.colcon_core.package_identification[0m [1;30mLevel 1[0m _identify(robotname_hardware) by extensions ['colcon_meta']
[1.119s] [34mcolcon.colcon_core.package_identification[0m [1;30mLevel 1[0m _identify(robotname_hardware) by extension 'colcon_meta'
[1.119s] [34mcolcon.colcon_core.package_identification[0m [1;30mLevel 1[0m _identify(robotname_hardware) by extensions ['ros']
[1.119s] [34mcolcon.colcon_core.package_identification[0m [1;30mLevel 1[0m _identify(robotname_hardware) by extension 'ros'
[1.120s] [34mcolcon.colcon_core.package_identification[0m [1;30mDEBUG[0m [32mPackage 'robotname_hardware' with type 'ros.ament_cmake' and name 'robotname_hardware'[0m
[1.120s] [34mcolcon.colcon_core.package_identification[0m [1;30mLevel 1[0m _identify(robotname_localization) by extensions ['ignore', 'ignore_ament_install']
[1.120s] [34mcolcon.colcon_core.package_identification[0m [1;30mLevel 1[0m _identify(robotname_localization) by extension 'ignore'
[1.120s] [34mcolcon.colcon_core.package_identification[0m [1;30mLevel 1[0m _identify(robotname_localization) by extension 'ignore_ament_install'
[1.120s] [34mcolcon.colcon_core.package_identification[0m [1;30mLevel 1[0m _identify(robotname_localization) by extensions ['colcon_pkg']
[1.120s] [34mcolcon.colcon_core.package_identification[0m [1;30mLevel 1[0m _identify(robotname_localization) by extension 'colcon_pkg'
[1.120s] [34mcolcon.colcon_core.package_identification[0m [1;30mLevel 1[0m _identify(robotname_localization) by extensions ['colcon_meta']
[1.120s] [34mcolcon.colcon_core.package_identification[0m [1;30mLevel 1[0m _identify(robotname_localization) by extension 'colcon_meta'
[1.120s] [34mcolcon.colcon_core.package_identification[0m [1;30mLevel 1[0m _identify(robotname_localization) by extensions ['ros']
[1.120s] [34mcolcon.colcon_core.package_identification[0m [1;30mLevel 1[0m _identify(robotname_localization) by extension 'ros'
[1.120s] [34mcolcon.colcon_core.package_identification[0m [1;30mDEBUG[0m [32mPackage 'robotname_localization' with type 'ros.ament_cmake' and name 'robotname_localization'[0m
[1.121s] [34mcolcon.colcon_core.package_identification[0m [1;30mLevel 1[0m _identify(robotname_msgs) by extensions ['ignore', 'ignore_ament_install']
[1.121s] [34mcolcon.colcon_core.package_identification[0m [1;30mLevel 1[0m _identify(robotname_msgs) by extension 'ignore'
[1.121s] [34mcolcon.colcon_core.package_identification[0m [1;30mLevel 1[0m _identify(robotname_msgs) by extension 'ignore_ament_install'
[1.121s] [34mcolcon.colcon_core.package_identification[0m [1;30mLevel 1[0m _identify(robotname_msgs) by extensions ['colcon_pkg']
[1.121s] [34mcolcon.colcon_core.package_identification[0m [1;30mLevel 1[0m _identify(robotname_msgs) by extension 'colcon_pkg'
[1.121s] [34mcolcon.colcon_core.package_identification[0m [1;30mLevel 1[0m _identify(robotname_msgs) by extensions ['colcon_meta']
[1.121s] [34mcolcon.colcon_core.package_identification[0m [1;30mLevel 1[0m _identify(robotname_msgs) by extension 'colcon_meta'
[1.121s] [34mcolcon.colcon_core.package_identification[0m [1;30mLevel 1[0m _identify(robotname_msgs) by extensions ['ros']
[1.121s] [34mcolcon.colcon_core.package_identification[0m [1;30mLevel 1[0m _identify(robotname_msgs) by extension 'ros'
[1.122s] [34mcolcon.colcon_core.package_identification[0m [1;30mDEBUG[0m [32mPackage 'robotname_msgs' with type 'ros.ament_cmake' and name 'robotname_msgs'[0m
[1.122s] [34mcolcon.colcon_core.package_identification[0m [1;30mLevel 1[0m _identify(robotname_navigation) by extensions ['ignore', 'ignore_ament_install']
[1.122s] [34mcolcon.colcon_core.package_identification[0m [1;30mLevel 1[0m _identify(robotname_navigation) by extension 'ignore'
[1.122s] [34mcolcon.colcon_core.package_identification[0m [1;30mLevel 1[0m _identify(robotname_navigation) by extension 'ignore_ament_install'
[1.122s] [34mcolcon.colcon_core.package_identification[0m [1;30mLevel 1[0m _identify(robotname_navigation) by extensions ['colcon_pkg']
[1.122s] [34mcolcon.colcon_core.package_identification[0m [1;30mLevel 1[0m _identify(robotname_navigation) by extension 'colcon_pkg'
[1.122s] [34mcolcon.colcon_core.package_identification[0m [1;30mLevel 1[0m _identify(robotname_navigation) by extensions ['colcon_meta']
[1.122s] [34mcolcon.colcon_core.package_identification[0m [1;30mLevel 1[0m _identify(robotname_navigation) by extension 'colcon_meta'
[1.122s] [34mcolcon.colcon_core.package_identification[0m [1;30mLevel 1[0m _identify(robotname_navigation) by extensions ['ros']
[1.122s] [34mcolcon.colcon_core.package_identification[0m [1;30mLevel 1[0m _identify(robotname_navigation) by extension 'ros'
[1.122s] [34mcolcon.colcon_core.package_identification[0m [1;30mDEBUG[0m [32mPackage 'robotname_navigation' with type 'ros.ament_cmake' and name 'robotname_navigation'[0m
[1.122s] [34mcolcon.colcon_core.package_identification[0m [1;30mLevel 1[0m _identify(robotname_perception) by extensions ['ignore', 'ignore_ament_install']
[1.123s] [34mcolcon.colcon_core.package_identification[0m [1;30mLevel 1[0m _identify(robotname_perception) by extension 'ignore'
[1.123s] [34mcolcon.colcon_core.package_identification[0m [1;30mLevel 1[0m _identify(robotname_perception) by extension 'ignore_ament_install'
[1.123s] [34mcolcon.colcon_core.package_identification[0m [1;30mLevel 1[0m _identify(robotname_perception) by extensions ['colcon_pkg']
[1.123s] [34mcolcon.colcon_core.package_identification[0m [1;30mLevel 1[0m _identify(robotname_perception) by extension 'colcon_pkg'
[1.123s] [34mcolcon.colcon_core.package_identification[0m [1;30mLevel 1[0m _identify(robotname_perception) by extensions ['colcon_meta']
[1.123s] [34mcolcon.colcon_core.package_identification[0m [1;30mLevel 1[0m _identify(robotname_perception) by extension 'colcon_meta'
[1.123s] [34mcolcon.colcon_core.package_identification[0m [1;30mLevel 1[0m _identify(robotname_perception) by extensions ['ros']
[1.123s] [34mcolcon.colcon_core.package_identification[0m [1;30mLevel 1[0m _identify(robotname_perception) by extension 'ros'
[1.123s] [34mcolcon.colcon_core.package_identification[0m [1;30mDEBUG[0m [32mPackage 'robotname_perception' with type 'ros.ament_cmake' and name 'robotname_perception'[0m
[1.123s] [34mcolcon.colcon_core.package_discovery[0m [1;30mLevel 1[0m discover_packages(recursive) using defaults
[1.123s] [34mcolcon.colcon_core.package_discovery[0m [1;30mLevel 1[0m discover_packages(ignore) discover
[1.123s] [34mcolcon.colcon_core.package_discovery[0m [1;30mLevel 1[0m discover_packages(ignore) using defaults
[1.123s] [34mcolcon.colcon_core.package_discovery[0m [1;30mLevel 1[0m discover_packages(path) discover
[1.123s] [34mcolcon.colcon_core.package_discovery[0m [1;30mLevel 1[0m discover_packages(path) using defaults
[1.190s] [34mcolcon.colcon_core.package_selection[0m [1;30mINFO[0m Skipping not selected package 'robot_itsrobocon_msgs' in 'robot_itsrobocon_msgs'
[1.190s] [34mcolcon.colcon_core.package_selection[0m [1;30mINFO[0m Skipping not selected package 'robotname' in 'robotname'
[1.190s] [34mcolcon.colcon_core.package_selection[0m [1;30mINFO[0m Skipping not selected package 'robotname_autonomy' in 'robotname_autonomy'
[1.190s] [34mcolcon.colcon_core.package_selection[0m [1;30mINFO[0m Skipping not selected package 'robotname_bringup' in 'robotname_bringup'
[1.190s] [34mcolcon.colcon_core.package_selection[0m [1;30mINFO[0m Skipping not selected package 'robotname_description' in 'robotname_description'
[1.190s] [34mcolcon.colcon_core.package_selection[0m [1;30mINFO[0m Skipping not selected package 'robotname_gazebo' in 'robotname_gazebo'
[1.190s] [34mcolcon.colcon_core.package_selection[0m [1;30mINFO[0m Skipping not selected package 'robotname_hardware' in 'robotname_hardware'
[1.190s] [34mcolcon.colcon_core.package_selection[0m [1;30mINFO[0m Skipping not selected package 'robotname_msgs' in 'robotname_msgs'
[1.190s] [34mcolcon.colcon_core.package_selection[0m [1;30mINFO[0m Skipping not selected package 'robotname_navigation' in 'robotname_navigation'
[1.190s] [34mcolcon.colcon_core.package_selection[0m [1;30mINFO[0m Skipping not selected package 'robotname_perception' in 'robotname_perception'
[1.220s] [34mcolcon.colcon_core.package_discovery[0m [1;30mLevel 1[0m discover_packages(prefix_path) check parameters
[1.220s] [34mcolcon.colcon_core.package_discovery[0m [1;30mLevel 1[0m discover_packages(prefix_path) discover
[1.253s] [34mcolcon.colcon_installed_package_information.package_discovery[0m [1;30mDEBUG[0m [32mFound 441 installed packages in /opt/ros/humble[0m
[1.254s] [34mcolcon.colcon_core.package_discovery[0m [1;30mLevel 1[0m discover_packages(prefix_path) using defaults
[1.352s] [34mcolcon.colcon_core.verb[0m [1;30mLevel 5[0m set package 'robotname_localization' build argument 'cmake_args' from command line to 'None'
[1.352s] [34mcolcon.colcon_core.verb[0m [1;30mLevel 5[0m set package 'robotname_localization' build argument 'cmake_target' from command line to 'None'
[1.352s] [34mcolcon.colcon_core.verb[0m [1;30mLevel 5[0m set package 'robotname_localization' build argument 'cmake_target_skip_unavailable' from command line to 'False'
[1.352s] [34mcolcon.colcon_core.verb[0m [1;30mLevel 5[0m set package 'robotname_localization' build argument 'cmake_clean_cache' from command line to 'False'
[1.352s] [34mcolcon.colcon_core.verb[0m [1;30mLevel 5[0m set package 'robotname_localization' build argument 'cmake_clean_first' from command line to 'False'
[1.352s] [34mcolcon.colcon_core.verb[0m [1;30mLevel 5[0m set package 'robotname_localization' build argument 'cmake_force_configure' from command line to 'False'
[1.352s] [34mcolcon.colcon_core.verb[0m [1;30mLevel 5[0m set package 'robotname_localization' build argument 'ament_cmake_args' from command line to 'None'
[1.352s] [34mcolcon.colcon_core.verb[0m [1;30mLevel 5[0m set package 'robotname_localization' build argument 'catkin_cmake_args' from command line to 'None'
[1.352s] [34mcolcon.colcon_core.verb[0m [1;30mLevel 5[0m set package 'robotname_localization' build argument 'catkin_skip_building_tests' from command line to 'False'
[1.353s] [34mcolcon.colcon_core.verb[0m [1;30mDEBUG[0m [32mBuilding package 'robotname_localization' with the following arguments: {'ament_cmake_args': None, 'build_base': '/home/itsrobocon2/robot_ws/src/robotname/build/robotname_localization', 'catkin_cmake_args': None, 'catkin_skip_building_tests': False, 'cmake_args': None, 'cmake_clean_cache': False, 'cmake_clean_first': False, 'cmake_force_configure': False, 'cmake_target': None, 'cmake_target_skip_unavailable': False, 'install_base': '/home/itsrobocon2/robot_ws/src/robotname/install/robotname_localization', 'merge_install': False, 'path': '/home/itsrobocon2/robot_ws/src/robotname/robotname_localization', 'symlink_install': True, 'test_result_base': None}[0m
[1.367s] [34mcolcon.colcon_core.executor[0m [1;30mINFO[0m Executing jobs using 'parallel' executor
[1.383s] [34mcolcon.colcon_parallel_executor.executor.parallel[0m [1;30mDEBUG[0m [32mrun_until_complete[0m
[1.383s] [34mcolcon.colcon_ros.task.ament_cmake.build[0m [1;30mINFO[0m Building ROS package in '/home/itsrobocon2/robot_ws/src/robotname/robotname_localization' with build type 'ament_cmake'
[1.383s] [34mcolcon.colcon_cmake.task.cmake.build[0m [1;30mINFO[0m Building CMake package in '/home/itsrobocon2/robot_ws/src/robotname/robotname_localization'
[1.402s] [34mcolcon.colcon_core.plugin_system[0m [1;30mINFO[0m Skipping extension 'colcon_core.shell.bat': Not used on non-Windows systems
[1.402s] [34mcolcon.colcon_core.shell[0m [1;30mINFO[0m Skip shell extension 'powershell' for command environment: Not usable outside of PowerShell
[1.402s] [34mcolcon.colcon_core.shell[0m [1;30mDEBUG[0m [32mSkip shell extension 'dsv' for command environment[0m
[1.442s] [34mcolcon.colcon_core.event_handler.log_command[0m [1;30mDEBUG[0m [32mInvoking command in '/home/itsrobocon2/robot_ws/src/robotname/build/robotname_localization': CMAKE_PREFIX_PATH=/opt/ros/humble /usr/bin/cmake /home/itsrobocon2/robot_ws/src/robotname/robotname_localization -DAMENT_CMAKE_SYMLINK_INSTALL=1 -DCMAKE_INSTALL_PREFIX=/home/itsrobocon2/robot_ws/src/robotname/install/robotname_localization[0m
[2.394s] [34mcolcon.colcon_core.event_handler.log_command[0m [1;30mDEBUG[0m [32mInvoked command in '/home/itsrobocon2/robot_ws/src/robotname/build/robotname_localization' returned '0': CMAKE_PREFIX_PATH=/opt/ros/humble /usr/bin/cmake /home/itsrobocon2/robot_ws/src/robotname/robotname_localization -DAMENT_CMAKE_SYMLINK_INSTALL=1 -DCMAKE_INSTALL_PREFIX=/home/itsrobocon2/robot_ws/src/robotname/install/robotname_localization[0m
[2.395s] [34mcolcon.colcon_core.event_handler.log_command[0m [1;30mDEBUG[0m [32mInvoking command in '/home/itsrobocon2/robot_ws/src/robotname/build/robotname_localization': CMAKE_PREFIX_PATH=/opt/ros/humble /usr/bin/cmake --build /home/itsrobocon2/robot_ws/src/robotname/build/robotname_localization -- -j12 -l12[0m
[2.443s] [34mcolcon.colcon_core.event_handler.log_command[0m [1;30mDEBUG[0m [32mInvoked command in '/home/itsrobocon2/robot_ws/src/robotname/build/robotname_localization' returned '0': CMAKE_PREFIX_PATH=/opt/ros/humble /usr/bin/cmake --build /home/itsrobocon2/robot_ws/src/robotname/build/robotname_localization -- -j12 -l12[0m
[2.480s] [34mcolcon.colcon_core.event_handler.log_command[0m [1;30mDEBUG[0m [32mInvoking command in '/home/itsrobocon2/robot_ws/src/robotname/build/robotname_localization': CMAKE_PREFIX_PATH=/opt/ros/humble /usr/bin/cmake --install /home/itsrobocon2/robot_ws/src/robotname/build/robotname_localization[0m
[2.744s] [34mcolcon.colcon_core.environment[0m [1;30mLevel 1[0m create_environment_scripts_only(robotname_localization)
[2.745s] [34mcolcon.colcon_core.event_handler.log_command[0m [1;30mDEBUG[0m [32mInvoked command in '/home/itsrobocon2/robot_ws/src/robotname/build/robotname_localization' returned '0': CMAKE_PREFIX_PATH=/opt/ros/humble /usr/bin/cmake --install /home/itsrobocon2/robot_ws/src/robotname/build/robotname_localization[0m
[2.763s] [34mcolcon.colcon_core.environment[0m [1;30mLevel 1[0m checking '/home/itsrobocon2/robot_ws/src/robotname/install/robotname_localization' for CMake module files
[2.763s] [34mcolcon.colcon_core.environment[0m [1;30mLevel 1[0m checking '/home/itsrobocon2/robot_ws/src/robotname/install/robotname_localization' for CMake config files
[2.764s] [34mcolcon.colcon_core.shell[0m [1;30mLevel 1[0m create_environment_hook('robotname_localization', 'cmake_prefix_path')
[2.779s] [34mcolcon.colcon_core.shell[0m [1;30mINFO[0m Creating environment hook '/home/itsrobocon2/robot_ws/src/robotname/install/robotname_localization/share/robotname_localization/hook/cmake_prefix_path.ps1'
[2.779s] [34mcolcon.colcon_core.shell[0m [1;30mINFO[0m Creating environment descriptor '/home/itsrobocon2/robot_ws/src/robotname/install/robotname_localization/share/robotname_localization/hook/cmake_prefix_path.dsv'
[2.780s] [34mcolcon.colcon_core.shell[0m [1;30mINFO[0m Creating environment hook '/home/itsrobocon2/robot_ws/src/robotname/install/robotname_localization/share/robotname_localization/hook/cmake_prefix_path.sh'
[2.781s] [34mcolcon.colcon_core.environment[0m [1;30mLevel 1[0m checking '/home/itsrobocon2/robot_ws/src/robotname/install/robotname_localization/bin'
[2.781s] [34mcolcon.colcon_core.environment[0m [1;30mLevel 1[0m checking '/home/itsrobocon2/robot_ws/src/robotname/install/robotname_localization/lib/pkgconfig/robotname_localization.pc'
[2.781s] [34mcolcon.colcon_core.environment[0m [1;30mLevel 1[0m checking '/home/itsrobocon2/robot_ws/src/robotname/install/robotname_localization/lib/python3.10/site-packages'
[2.781s] [34mcolcon.colcon_core.environment[0m [1;30mLevel 1[0m checking '/home/itsrobocon2/robot_ws/src/robotname/install/robotname_localization/bin'
[2.797s] [34mcolcon.colcon_core.shell[0m [1;30mINFO[0m Creating package script '/home/itsrobocon2/robot_ws/src/robotname/install/robotname_localization/share/robotname_localization/package.ps1'
[2.798s] [34mcolcon.colcon_core.shell[0m [1;30mINFO[0m Creating package descriptor '/home/itsrobocon2/robot_ws/src/robotname/install/robotname_localization/share/robotname_localization/package.dsv'
[2.798s] [34mcolcon.colcon_core.shell[0m [1;30mINFO[0m Creating package script '/home/itsrobocon2/robot_ws/src/robotname/install/robotname_localization/share/robotname_localization/package.sh'
[2.799s] [34mcolcon.colcon_core.shell[0m [1;30mINFO[0m Creating package script '/home/itsrobocon2/robot_ws/src/robotname/install/robotname_localization/share/robotname_localization/package.bash'
[2.800s] [34mcolcon.colcon_core.shell[0m [1;30mINFO[0m Creating package script '/home/itsrobocon2/robot_ws/src/robotname/install/robotname_localization/share/robotname_localization/package.zsh'
[2.800s] [34mcolcon.colcon_core.environment[0m [1;30mLevel 1[0m create_file_with_runtime_dependencies(/home/itsrobocon2/robot_ws/src/robotname/install/robotname_localization/share/colcon-core/packages/robotname_localization)
[2.844s] [34mcolcon.colcon_core.environment[0m [1;30mLevel 1[0m create_environment_scripts_only(robotname_localization)
[2.861s] [34mcolcon.colcon_core.environment[0m [1;30mLevel 1[0m checking '/home/itsrobocon2/robot_ws/src/robotname/install/robotname_localization' for CMake module files
[2.861s] [34mcolcon.colcon_core.environment[0m [1;30mLevel 1[0m checking '/home/itsrobocon2/robot_ws/src/robotname/install/robotname_localization' for CMake config files
[2.862s] [34mcolcon.colcon_core.shell[0m [1;30mLevel 1[0m create_environment_hook('robotname_localization', 'cmake_prefix_path')
[2.878s] [34mcolcon.colcon_core.shell[0m [1;30mINFO[0m Creating environment hook '/home/itsrobocon2/robot_ws/src/robotname/install/robotname_localization/share/robotname_localization/hook/cmake_prefix_path.ps1'
[2.878s] [34mcolcon.colcon_core.shell[0m [1;30mINFO[0m Creating environment descriptor '/home/itsrobocon2/robot_ws/src/robotname/install/robotname_localization/share/robotname_localization/hook/cmake_prefix_path.dsv'
[2.878s] [34mcolcon.colcon_core.shell[0m [1;30mINFO[0m Creating environment hook '/home/itsrobocon2/robot_ws/src/robotname/install/robotname_localization/share/robotname_localization/hook/cmake_prefix_path.sh'
[2.879s] [34mcolcon.colcon_core.environment[0m [1;30mLevel 1[0m checking '/home/itsrobocon2/robot_ws/src/robotname/install/robotname_localization/bin'
[2.879s] [34mcolcon.colcon_core.environment[0m [1;30mLevel 1[0m checking '/home/itsrobocon2/robot_ws/src/robotname/install/robotname_localization/lib/pkgconfig/robotname_localization.pc'
[2.879s] [34mcolcon.colcon_core.environment[0m [1;30mLevel 1[0m checking '/home/itsrobocon2/robot_ws/src/robotname/install/robotname_localization/lib/python3.10/site-packages'
[2.879s] [34mcolcon.colcon_core.environment[0m [1;30mLevel 1[0m checking '/home/itsrobocon2/robot_ws/src/robotname/install/robotname_localization/bin'
[2.897s] [34mcolcon.colcon_core.shell[0m [1;30mINFO[0m Creating package script '/home/itsrobocon2/robot_ws/src/robotname/install/robotname_localization/share/robotname_localization/package.ps1'
[2.898s] [34mcolcon.colcon_core.shell[0m [1;30mINFO[0m Creating package descriptor '/home/itsrobocon2/robot_ws/src/robotname/install/robotname_localization/share/robotname_localization/package.dsv'
[2.898s] [34mcolcon.colcon_core.shell[0m [1;30mINFO[0m Creating package script '/home/itsrobocon2/robot_ws/src/robotname/install/robotname_localization/share/robotname_localization/package.sh'
[2.899s] [34mcolcon.colcon_core.shell[0m [1;30mINFO[0m Creating package script '/home/itsrobocon2/robot_ws/src/robotname/install/robotname_localization/share/robotname_localization/package.bash'
[2.899s] [34mcolcon.colcon_core.shell[0m [1;30mINFO[0m Creating package script '/home/itsrobocon2/robot_ws/src/robotname/install/robotname_localization/share/robotname_localization/package.zsh'
[2.899s] [34mcolcon.colcon_core.environment[0m [1;30mLevel 1[0m create_file_with_runtime_dependencies(/home/itsrobocon2/robot_ws/src/robotname/install/robotname_localization/share/colcon-core/packages/robotname_localization)
[2.899s] [34mcolcon.colcon_parallel_executor.executor.parallel[0m [1;30mDEBUG[0m [32mclosing loop[0m
[2.900s] [34mcolcon.colcon_parallel_executor.executor.parallel[0m [1;30mDEBUG[0m [32mloop closed[0m
[2.900s] [34mcolcon.colcon_parallel_executor.executor.parallel[0m [1;30mDEBUG[0m [32mrun_until_complete finished with '0'[0m
[2.900s] [34mcolcon.colcon_core.event_reactor[0m [1;30mDEBUG[0m [32mjoining thread[0m
[2.923s] [34mcolcon.colcon_core.plugin_system[0m [1;30mINFO[0m Skipping extension 'colcon_notification.desktop_notification.terminal_notifier': Not used on non-Darwin systems
[2.923s] [34mcolcon.colcon_core.plugin_system[0m [1;30mINFO[0m Skipping extension 'colcon_notification.desktop_notification.win32': Not used on non-Windows systems
[2.923s] [34mcolcon.colcon_notification.desktop_notification[0m [1;30mINFO[0m Sending desktop notification using 'notify2'
[2.954s] [34mcolcon.colcon_core.event_reactor[0m [1;30mDEBUG[0m [32mjoined thread[0m
[2.975s] [34mcolcon.colcon_core.shell[0m [1;30mINFO[0m Creating prefix script '/home/itsrobocon2/robot_ws/src/robotname/install/local_setup.ps1'
[2.977s] [34mcolcon.colcon_core.shell[0m [1;30mINFO[0m Creating prefix util module '/home/itsrobocon2/robot_ws/src/robotname/install/_local_setup_util_ps1.py'
[2.979s] [34mcolcon.colcon_core.shell[0m [1;30mINFO[0m Creating prefix chain script '/home/itsrobocon2/robot_ws/src/robotname/install/setup.ps1'
[3.000s] [34mcolcon.colcon_core.shell[0m [1;30mINFO[0m Creating prefix script '/home/itsrobocon2/robot_ws/src/robotname/install/local_setup.sh'
[3.001s] [34mcolcon.colcon_core.shell[0m [1;30mINFO[0m Creating prefix util module '/home/itsrobocon2/robot_ws/src/robotname/install/_local_setup_util_sh.py'
[3.001s] [34mcolcon.colcon_core.shell[0m [1;30mINFO[0m Creating prefix chain script '/home/itsrobocon2/robot_ws/src/robotname/install/setup.sh'
[3.017s] [34mcolcon.colcon_core.shell[0m [1;30mINFO[0m Creating prefix script '/home/itsrobocon2/robot_ws/src/robotname/install/local_setup.bash'
[3.018s] [34mcolcon.colcon_core.shell[0m [1;30mINFO[0m Creating prefix chain script '/home/itsrobocon2/robot_ws/src/robotname/install/setup.bash'
[3.036s] [34mcolcon.colcon_core.shell[0m [1;30mINFO[0m Creating prefix script '/home/itsrobocon2/robot_ws/src/robotname/install/local_setup.zsh'
[3.037s] [34mcolcon.colcon_core.shell[0m [1;30mINFO[0m Creating prefix chain script '/home/itsrobocon2/robot_ws/src/robotname/install/setup.zsh'
