[0.058s] Invoking command in '/home/itsrobocon2/robot_ws/src/robotname/build/robotname_localization': CMAKE_PREFIX_PATH=/opt/ros/humble /usr/bin/cmake /home/itsrobocon2/robot_ws/src/robotname/robotname_localization -DAMENT_CMAKE_SYMLINK_INSTALL=1 -DCMAKE_INSTALL_PREFIX=/home/itsrobocon2/robot_ws/src/robotname/install/robotname_localization
[0.172s] -- The C compiler identification is GNU 11.4.0
[0.256s] -- The CXX compiler identification is GNU 11.4.0
[0.269s] -- Detecting C compiler ABI info
[0.353s] -- Detecting C compiler ABI info - done
[0.359s] -- Check for working C compiler: /usr/bin/cc - skipped
[0.360s] -- Detecting C compile features
[0.361s] -- Detecting C compile features - done
[0.364s] -- Detecting CXX compiler ABI info
[0.455s] -- Detecting CXX compiler ABI info - done
[0.463s] -- Check for working CXX compiler: /usr/bin/c++ - skipped
[0.463s] -- Detecting CXX compile features
[0.463s] -- Detecting CXX compile features - done
[0.472s] -- Found ament_cmake: 1.3.6 (/opt/ros/humble/share/ament_cmake/cmake)
[0.806s] -- Found Python3: /usr/bin/python3.10 (found version "3.10.12") found components: Interpreter 
[0.868s] -- Override CMake install command with custom implementation using symlinks instead of copying resources
[0.912s] -- Found ament_lint_auto: 0.12.9 (/opt/ros/humble/share/ament_lint_auto/cmake)
[0.996s] -- Added test 'flake8' to check Python code syntax and style conventions
[0.997s] -- Added test 'lint_cmake' to check CMake code style
[0.997s] -- Added test 'pep257' to check Python code against some of the docstring style conventions in PEP 257
[0.999s] -- Added test 'xmllint' to check XML markup files
[1.001s] -- Configuring done
[1.004s] -- Generating done
[1.005s] -- Build files have been written to: /home/itsrobocon2/robot_ws/src/robotname/build/robotname_localization
[1.010s] Invoked command in '/home/itsrobocon2/robot_ws/src/robotname/build/robotname_localization' returned '0': CMAKE_PREFIX_PATH=/opt/ros/humble /usr/bin/cmake /home/itsrobocon2/robot_ws/src/robotname/robotname_localization -DAMENT_CMAKE_SYMLINK_INSTALL=1 -DCMAKE_INSTALL_PREFIX=/home/itsrobocon2/robot_ws/src/robotname/install/robotname_localization
[1.012s] Invoking command in '/home/itsrobocon2/robot_ws/src/robotname/build/robotname_localization': CMAKE_PREFIX_PATH=/opt/ros/humble /usr/bin/cmake --build /home/itsrobocon2/robot_ws/src/robotname/build/robotname_localization -- -j12 -l12
[1.060s] Invoked command in '/home/itsrobocon2/robot_ws/src/robotname/build/robotname_localization' returned '0': CMAKE_PREFIX_PATH=/opt/ros/humble /usr/bin/cmake --build /home/itsrobocon2/robot_ws/src/robotname/build/robotname_localization -- -j12 -l12
[1.096s] Invoking command in '/home/itsrobocon2/robot_ws/src/robotname/build/robotname_localization': CMAKE_PREFIX_PATH=/opt/ros/humble /usr/bin/cmake --install /home/itsrobocon2/robot_ws/src/robotname/build/robotname_localization
[1.105s] -- Install configuration: ""
[1.105s] -- Execute custom install script
[1.105s] -- Symlinking: /home/itsrobocon2/robot_ws/src/robotname/install/robotname_localization/share/robotname_localization/launch/ekf.launch.py
[1.115s] -- Symlinking: /home/itsrobocon2/robot_ws/src/robotname/install/robotname_localization/share/robotname_localization/launch/online_async_slam.launch.py
[1.125s] -- Symlinking: /home/itsrobocon2/robot_ws/src/robotname/install/robotname_localization/share/robotname_localization/launch/robotname_localization.launch.py
[1.136s] -- Symlinking: /home/itsrobocon2/robot_ws/src/robotname/install/robotname_localization/share/robotname_localization/launch/rtabmapslam.launch.py
[1.148s] -- Symlinking: /home/itsrobocon2/robot_ws/src/robotname/install/robotname_localization/share/robotname_localization/launch/rtabodom.launch.py
[1.158s] -- Symlinking: /home/itsrobocon2/robot_ws/src/robotname/install/robotname_localization/share/robotname_localization/config/ekf.yaml
[1.170s] -- Symlinking: /home/itsrobocon2/robot_ws/src/robotname/install/robotname_localization/share/robotname_localization/config/ekf_sim.yaml
[1.182s] -- Symlinking: /home/itsrobocon2/robot_ws/src/robotname/install/robotname_localization/share/robotname_localization/config/online_async_slam.yaml
[1.193s] -- Symlinking: /home/itsrobocon2/robot_ws/src/robotname/install/robotname_localization/share/ament_index/resource_index/package_run_dependencies/robotname_localization
[1.203s] -- Symlinking: /home/itsrobocon2/robot_ws/src/robotname/install/robotname_localization/share/ament_index/resource_index/parent_prefix_path/robotname_localization
[1.214s] -- Symlinking: /home/itsrobocon2/robot_ws/src/robotname/install/robotname_localization/share/robotname_localization/environment/ament_prefix_path.sh
[1.225s] -- Symlinking: /home/itsrobocon2/robot_ws/src/robotname/install/robotname_localization/share/robotname_localization/environment/ament_prefix_path.dsv
[1.236s] -- Symlinking: /home/itsrobocon2/robot_ws/src/robotname/install/robotname_localization/share/robotname_localization/environment/path.sh
[1.247s] -- Symlinking: /home/itsrobocon2/robot_ws/src/robotname/install/robotname_localization/share/robotname_localization/environment/path.dsv
[1.258s] -- Symlinking: /home/itsrobocon2/robot_ws/src/robotname/install/robotname_localization/share/robotname_localization/local_setup.bash
[1.268s] -- Symlinking: /home/itsrobocon2/robot_ws/src/robotname/install/robotname_localization/share/robotname_localization/local_setup.sh
[1.282s] -- Symlinking: /home/itsrobocon2/robot_ws/src/robotname/install/robotname_localization/share/robotname_localization/local_setup.zsh
[1.292s] -- Symlinking: /home/itsrobocon2/robot_ws/src/robotname/install/robotname_localization/share/robotname_localization/local_setup.dsv
[1.303s] -- Symlinking: /home/itsrobocon2/robot_ws/src/robotname/install/robotname_localization/share/robotname_localization/package.dsv
[1.315s] -- Symlinking: /home/itsrobocon2/robot_ws/src/robotname/install/robotname_localization/share/ament_index/resource_index/packages/robotname_localization
[1.326s] -- Symlinking: /home/itsrobocon2/robot_ws/src/robotname/install/robotname_localization/share/robotname_localization/cmake/robotname_localizationConfig.cmake
[1.336s] -- Symlinking: /home/itsrobocon2/robot_ws/src/robotname/install/robotname_localization/share/robotname_localization/cmake/robotname_localizationConfig-version.cmake
[1.346s] -- Symlinking: /home/itsrobocon2/robot_ws/src/robotname/install/robotname_localization/share/robotname_localization/package.xml
[1.361s] Invoked command in '/home/itsrobocon2/robot_ws/src/robotname/build/robotname_localization' returned '0': CMAKE_PREFIX_PATH=/opt/ros/humble /usr/bin/cmake --install /home/itsrobocon2/robot_ws/src/robotname/build/robotname_localization
